This is pdfTeX, Version 3.14159265-2.6-1.40.21 (MiKTeX 2.9.7350) (preloaded format=pdflatex 2020.4.17)  21 MAY 2020 07:19
entering extended mode
**./TP_datos.tex
(TP_datos.tex
LaTeX2e <2020-02-02> patch level 5
L3 programming layer <2020-04-06>
("/Users/tomasfanciotti/Library/Application Support/MiKTeX/texmfs/install/tex/l
atex/base/article.cls"
Document Class: article 2019/12/20 v1.4l Standard LaTeX document class

("/Users/tomasfanciotti/Library/Application Support/MiKTeX/texmfs/install/tex/l
atex/base/size12.clo"
File: size12.clo 2019/12/20 v1.4l Standard LaTeX file (size option)
)
\c@part=\count167
\c@section=\count168
\c@subsection=\count169
\c@subsubsection=\count170
\c@paragraph=\count171
\c@subparagraph=\count172
\c@figure=\count173
\c@table=\count174
\abovecaptionskip=\skip47
\belowcaptionskip=\skip48
\bibindent=\dimen134
)
("/Users/tomasfanciotti/Library/Application Support/MiKTeX/texmfs/install/tex/l
atex/l3backend/l3backend-pdfmode.def"
File: l3backend-pdfmode.def 2020-03-12 L3 backend support: PDF mode
\l__kernel_color_stack_int=\count175
\l__pdf_internal_box=\box45
) (TP_datos.aux)
\openout1 = `TP_datos.aux'.

LaTeX Font Info:    Checking defaults for OML/cmm/m/it on input line 4.
LaTeX Font Info:    ... okay on input line 4.
LaTeX Font Info:    Checking defaults for OMS/cmsy/m/n on input line 4.
LaTeX Font Info:    ... okay on input line 4.
LaTeX Font Info:    Checking defaults for OT1/cmr/m/n on input line 4.
LaTeX Font Info:    ... okay on input line 4.
LaTeX Font Info:    Checking defaults for T1/cmr/m/n on input line 4.
LaTeX Font Info:    ... okay on input line 4.
LaTeX Font Info:    Checking defaults for TS1/cmr/m/n on input line 4.
LaTeX Font Info:    ... okay on input line 4.
LaTeX Font Info:    Checking defaults for OMX/cmex/m/n on input line 4.
LaTeX Font Info:    ... okay on input line 4.
LaTeX Font Info:    Checking defaults for U/cmr/m/n on input line 4.
LaTeX Font Info:    ... okay on input line 4.
LaTeX Font Info:    External font `cmex10' loaded for size
(Font)              <14.4> on input line 6.
LaTeX Font Info:    External font `cmex10' loaded for size
(Font)              <7> on input line 6.


LaTeX Warning: No \author given.

[1

{/Users/tomasfanciotti/Library/Application Support/MiKTeX/texmfs/data/pdftex/co
nfig/pdftex.map}] (TP_datos.toc
LaTeX Font Info:    External font `cmex10' loaded for size
(Font)              <12> on input line 2.
LaTeX Font Info:    External font `cmex10' loaded for size
(Font)              <8> on input line 2.
LaTeX Font Info:    External font `cmex10' loaded for size
(Font)              <6> on input line 2.
)
\tf@toc=\write3
\openout3 = `TP_datos.toc'.

 [2]
Underfull \hbox (badness 10000) in paragraph at lines 14--15

 []

[3] [4] (TP_datos.aux) ) 
Here is how much of TeX's memory you used:
 404 strings out of 482859
 7137 string characters out of 2950199
 236481 words of memory out of 3000000
 16103 multiletter control sequences out of 15000+200000
 537843 words of font info for 42 fonts, out of 3000000 for 9000
 0 hyphenation exceptions out of 8191
 24i,6n,21p,424b,193s stack positions out of 5000i,500n,10000p,200000b,50000s
 </Users/tomasfanciotti/Library/Application Support/MiK
TeX/texmfs/data/fonts/pk/ljfour/jknappen/ec/dpi600/tcrm1200.pk></Users/tomasfan
ciotti/Library/Application Support/MiKTeX/texmfs/install/fonts/type1/public/ams
fonts/cm/cmbx12.pfb></Users/tomasfanciotti/Library/Application Support/MiKTeX/t
exmfs/install/fonts/type1/public/amsfonts/cm/cmr12.pfb></Users/tomasfanciotti/L
ibrary/Application Support/MiKTeX/texmfs/install/fonts/type1/public/amsfonts/cm
/cmr17.pfb>
Output written on TP_datos.pdf (4 pages, 47973 bytes).
PDF statistics:
 32 PDF objects out of 1000 (max. 8388607)
 0 named destinations out of 1000 (max. 500000)
 1 words of extra memory for PDF output out of 10000 (max. 10000000)

